c:\users\성일\documents\visual studio 2013\projects\소녀의 공상정원\debug\소녀의 공상정원.bsc
c:\users\성일\documents\visual studio 2013\projects\소녀의 공상정원\소녀의 공상정원\debug\소녀의 공상정원.pch
c:\users\성일\documents\visual studio 2013\projects\소녀의 공상정원\소녀의 공상정원\debug\vc120.pdb
c:\users\성일\documents\visual studio 2013\projects\소녀의 공상정원\소녀의 공상정원\debug\vc120.idb
c:\users\성일\documents\visual studio 2013\projects\소녀의 공상정원\소녀의 공상정원\debug\stdafx.sbr
c:\users\성일\documents\visual studio 2013\projects\소녀의 공상정원\소녀의 공상정원\debug\stdafx.obj
c:\users\성일\documents\visual studio 2013\projects\소녀의 공상정원\소녀의 공상정원\debug\핫바뿌리기.sbr
c:\users\성일\documents\visual studio 2013\projects\소녀의 공상정원\소녀의 공상정원\debug\자아붕괴.sbr
c:\users\성일\documents\visual studio 2013\projects\소녀의 공상정원\소녀의 공상정원\debug\송세진.sbr
c:\users\성일\documents\visual studio 2013\projects\소녀의 공상정원\소녀의 공상정원\debug\utill.sbr
c:\users\성일\documents\visual studio 2013\projects\소녀의 공상정원\소녀의 공상정원\debug\unit.sbr
c:\users\성일\documents\visual studio 2013\projects\소녀의 공상정원\소녀의 공상정원\debug\titlescreen.sbr
c:\users\성일\documents\visual studio 2013\projects\소녀의 공상정원\소녀의 공상정원\debug\timecounter.sbr
c:\users\성일\documents\visual studio 2013\projects\소녀의 공상정원\소녀의 공상정원\debug\timemanager.sbr
c:\users\성일\documents\visual studio 2013\projects\소녀의 공상정원\소녀의 공상정원\debug\text.sbr
c:\users\성일\documents\visual studio 2013\projects\소녀의 공상정원\소녀의 공상정원\debug\singleton.sbr
c:\users\성일\documents\visual studio 2013\projects\소녀의 공상정원\소녀의 공상정원\debug\main.sbr
c:\users\성일\documents\visual studio 2013\projects\소녀의 공상정원\소녀의 공상정원\debug\stage5.sbr
c:\users\성일\documents\visual studio 2013\projects\소녀의 공상정원\소녀의 공상정원\debug\stage4.sbr
c:\users\성일\documents\visual studio 2013\projects\소녀의 공상정원\소녀의 공상정원\debug\stage3.sbr
c:\users\성일\documents\visual studio 2013\projects\소녀의 공상정원\소녀의 공상정원\debug\stage2.sbr
c:\users\성일\documents\visual studio 2013\projects\소녀의 공상정원\소녀의 공상정원\debug\stage1.sbr
c:\users\성일\documents\visual studio 2013\projects\소녀의 공상정원\소녀의 공상정원\debug\stage.sbr
c:\users\성일\documents\visual studio 2013\projects\소녀의 공상정원\소녀의 공상정원\debug\spiral.sbr
c:\users\성일\documents\visual studio 2013\projects\소녀의 공상정원\소녀의 공상정원\debug\spellcard.sbr
c:\users\성일\documents\visual studio 2013\projects\소녀의 공상정원\소녀의 공상정원\debug\soundmanager.sbr
c:\users\성일\documents\visual studio 2013\projects\소녀의 공상정원\소녀의 공상정원\debug\soundmanager.obj
c:\users\성일\documents\visual studio 2013\projects\소녀의 공상정원\소녀의 공상정원\debug\spellcard.obj
c:\users\성일\documents\visual studio 2013\projects\소녀의 공상정원\소녀의 공상정원\debug\spiral.obj
c:\users\성일\documents\visual studio 2013\projects\소녀의 공상정원\소녀의 공상정원\debug\stage.obj
c:\users\성일\documents\visual studio 2013\projects\소녀의 공상정원\소녀의 공상정원\debug\stage1.obj
c:\users\성일\documents\visual studio 2013\projects\소녀의 공상정원\소녀의 공상정원\debug\stage2.obj
c:\users\성일\documents\visual studio 2013\projects\소녀의 공상정원\소녀의 공상정원\debug\stage3.obj
c:\users\성일\documents\visual studio 2013\projects\소녀의 공상정원\소녀의 공상정원\debug\stage4.obj
c:\users\성일\documents\visual studio 2013\projects\소녀의 공상정원\소녀의 공상정원\debug\stage5.obj
c:\users\성일\documents\visual studio 2013\projects\소녀의 공상정원\소녀의 공상정원\debug\main.obj
c:\users\성일\documents\visual studio 2013\projects\소녀의 공상정원\소녀의 공상정원\debug\singleton.obj
c:\users\성일\documents\visual studio 2013\projects\소녀의 공상정원\소녀의 공상정원\debug\text.obj
c:\users\성일\documents\visual studio 2013\projects\소녀의 공상정원\소녀의 공상정원\debug\timemanager.obj
c:\users\성일\documents\visual studio 2013\projects\소녀의 공상정원\소녀의 공상정원\debug\timecounter.obj
c:\users\성일\documents\visual studio 2013\projects\소녀의 공상정원\소녀의 공상정원\debug\titlescreen.obj
c:\users\성일\documents\visual studio 2013\projects\소녀의 공상정원\소녀의 공상정원\debug\unit.obj
c:\users\성일\documents\visual studio 2013\projects\소녀의 공상정원\소녀의 공상정원\debug\utill.obj
c:\users\성일\documents\visual studio 2013\projects\소녀의 공상정원\소녀의 공상정원\debug\송세진.obj
c:\users\성일\documents\visual studio 2013\projects\소녀의 공상정원\소녀의 공상정원\debug\자아붕괴.obj
c:\users\성일\documents\visual studio 2013\projects\소녀의 공상정원\소녀의 공상정원\debug\핫바뿌리기.obj
c:\users\성일\documents\visual studio 2013\projects\소녀의 공상정원\소녀의 공상정원\debug\setup.sbr
c:\users\성일\documents\visual studio 2013\projects\소녀의 공상정원\소녀의 공상정원\debug\sencemanager.sbr
c:\users\성일\documents\visual studio 2013\projects\소녀의 공상정원\소녀의 공상정원\debug\sence.sbr
c:\users\성일\documents\visual studio 2013\projects\소녀의 공상정원\소녀의 공상정원\debug\seeplayerrandom.sbr
c:\users\성일\documents\visual studio 2013\projects\소녀의 공상정원\소녀의 공상정원\debug\player_blt_lookenemy.sbr
c:\users\성일\documents\visual studio 2013\projects\소녀의 공상정원\소녀의 공상정원\debug\player_blt_1.sbr
c:\users\성일\documents\visual studio 2013\projects\소녀의 공상정원\소녀의 공상정원\debug\player.sbr
c:\users\성일\documents\visual studio 2013\projects\소녀의 공상정원\소녀의 공상정원\debug\move_3.sbr
c:\users\성일\documents\visual studio 2013\projects\소녀의 공상정원\소녀의 공상정원\debug\move_0.sbr
c:\users\성일\documents\visual studio 2013\projects\소녀의 공상정원\소녀의 공상정원\debug\move_1.sbr
c:\users\성일\documents\visual studio 2013\projects\소녀의 공상정원\소녀의 공상정원\debug\movepattern.sbr
c:\users\성일\documents\visual studio 2013\projects\소녀의 공상정원\소녀의 공상정원\debug\mainmenu.sbr
c:\users\성일\documents\visual studio 2013\projects\소녀의 공상정원\소녀의 공상정원\debug\intro.sbr
c:\users\성일\documents\visual studio 2013\projects\소녀의 공상정원\소녀의 공상정원\debug\inputmanager.sbr
c:\users\성일\documents\visual studio 2013\projects\소녀의 공상정원\소녀의 공상정원\debug\ingame.sbr
c:\users\성일\documents\visual studio 2013\projects\소녀의 공상정원\소녀의 공상정원\debug\imagemanager.sbr
c:\users\성일\documents\visual studio 2013\projects\소녀의 공상정원\소녀의 공상정원\debug\image.sbr
c:\users\성일\documents\visual studio 2013\projects\소녀의 공상정원\소녀의 공상정원\debug\horming.sbr
c:\users\성일\documents\visual studio 2013\projects\소녀의 공상정원\소녀의 공상정원\debug\gameover.sbr
c:\users\성일\documents\visual studio 2013\projects\소녀의 공상정원\소녀의 공상정원\debug\flower.sbr
c:\users\성일\documents\visual studio 2013\projects\소녀의 공상정원\소녀의 공상정원\debug\flower.obj
c:\users\성일\documents\visual studio 2013\projects\소녀의 공상정원\소녀의 공상정원\debug\gameover.obj
c:\users\성일\documents\visual studio 2013\projects\소녀의 공상정원\소녀의 공상정원\debug\horming.obj
c:\users\성일\documents\visual studio 2013\projects\소녀의 공상정원\소녀의 공상정원\debug\image.obj
c:\users\성일\documents\visual studio 2013\projects\소녀의 공상정원\소녀의 공상정원\debug\imagemanager.obj
c:\users\성일\documents\visual studio 2013\projects\소녀의 공상정원\소녀의 공상정원\debug\ingame.obj
c:\users\성일\documents\visual studio 2013\projects\소녀의 공상정원\소녀의 공상정원\debug\inputmanager.obj
c:\users\성일\documents\visual studio 2013\projects\소녀의 공상정원\소녀의 공상정원\debug\intro.obj
c:\users\성일\documents\visual studio 2013\projects\소녀의 공상정원\소녀의 공상정원\debug\mainmenu.obj
c:\users\성일\documents\visual studio 2013\projects\소녀의 공상정원\소녀의 공상정원\debug\movepattern.obj
c:\users\성일\documents\visual studio 2013\projects\소녀의 공상정원\소녀의 공상정원\debug\move_1.obj
c:\users\성일\documents\visual studio 2013\projects\소녀의 공상정원\소녀의 공상정원\debug\move_0.obj
c:\users\성일\documents\visual studio 2013\projects\소녀의 공상정원\소녀의 공상정원\debug\move_3.obj
c:\users\성일\documents\visual studio 2013\projects\소녀의 공상정원\소녀의 공상정원\debug\player.obj
c:\users\성일\documents\visual studio 2013\projects\소녀의 공상정원\소녀의 공상정원\debug\player_blt_1.obj
c:\users\성일\documents\visual studio 2013\projects\소녀의 공상정원\소녀의 공상정원\debug\player_blt_lookenemy.obj
c:\users\성일\documents\visual studio 2013\projects\소녀의 공상정원\소녀의 공상정원\debug\seeplayerrandom.obj
c:\users\성일\documents\visual studio 2013\projects\소녀의 공상정원\소녀의 공상정원\debug\sence.obj
c:\users\성일\documents\visual studio 2013\projects\소녀의 공상정원\소녀의 공상정원\debug\sencemanager.obj
c:\users\성일\documents\visual studio 2013\projects\소녀의 공상정원\소녀의 공상정원\debug\setup.obj
c:\users\성일\documents\visual studio 2013\projects\소녀의 공상정원\소녀의 공상정원\debug\extraspell.sbr
c:\users\성일\documents\visual studio 2013\projects\소녀의 공상정원\소녀의 공상정원\debug\entity.sbr
c:\users\성일\documents\visual studio 2013\projects\소녀의 공상정원\소녀의 공상정원\debug\enemy.sbr
c:\users\성일\documents\visual studio 2013\projects\소녀의 공상정원\소녀의 공상정원\debug\d3dmanager.sbr
c:\users\성일\documents\visual studio 2013\projects\소녀의 공상정원\소녀의 공상정원\debug\circle.sbr
c:\users\성일\documents\visual studio 2013\projects\소녀의 공상정원\소녀의 공상정원\debug\chirno_perfectfreeze.sbr
c:\users\성일\documents\visual studio 2013\projects\소녀의 공상정원\소녀의 공상정원\debug\blt_normal.sbr
c:\users\성일\documents\visual studio 2013\projects\소녀의 공상정원\소녀의 공상정원\debug\chirno.sbr
c:\users\성일\documents\visual studio 2013\projects\소녀의 공상정원\소녀의 공상정원\debug\button.sbr
c:\users\성일\documents\visual studio 2013\projects\소녀의 공상정원\소녀의 공상정원\debug\bulletpattern.sbr
c:\users\성일\documents\visual studio 2013\projects\소녀의 공상정원\소녀의 공상정원\debug\bullet.sbr
c:\users\성일\documents\visual studio 2013\projects\소녀의 공상정원\소녀의 공상정원\debug\boss.sbr
c:\users\성일\documents\visual studio 2013\projects\소녀의 공상정원\소녀의 공상정원\debug\blt_lookplayer.sbr
c:\users\성일\documents\visual studio 2013\projects\소녀의 공상정원\소녀의 공상정원\debug\background.sbr
c:\users\성일\documents\visual studio 2013\projects\소녀의 공상정원\소녀의 공상정원\debug\album.sbr
c:\users\성일\documents\visual studio 2013\projects\소녀의 공상정원\소녀의 공상정원\debug\album.obj
c:\users\성일\documents\visual studio 2013\projects\소녀의 공상정원\소녀의 공상정원\debug\background.obj
c:\users\성일\documents\visual studio 2013\projects\소녀의 공상정원\소녀의 공상정원\debug\blt_lookplayer.obj
c:\users\성일\documents\visual studio 2013\projects\소녀의 공상정원\소녀의 공상정원\debug\boss.obj
c:\users\성일\documents\visual studio 2013\projects\소녀의 공상정원\소녀의 공상정원\debug\bullet.obj
c:\users\성일\documents\visual studio 2013\projects\소녀의 공상정원\소녀의 공상정원\debug\bulletpattern.obj
c:\users\성일\documents\visual studio 2013\projects\소녀의 공상정원\소녀의 공상정원\debug\button.obj
c:\users\성일\documents\visual studio 2013\projects\소녀의 공상정원\소녀의 공상정원\debug\chirno.obj
c:\users\성일\documents\visual studio 2013\projects\소녀의 공상정원\소녀의 공상정원\debug\blt_normal.obj
c:\users\성일\documents\visual studio 2013\projects\소녀의 공상정원\소녀의 공상정원\debug\chirno_perfectfreeze.obj
c:\users\성일\documents\visual studio 2013\projects\소녀의 공상정원\소녀의 공상정원\debug\circle.obj
c:\users\성일\documents\visual studio 2013\projects\소녀의 공상정원\소녀의 공상정원\debug\d3dmanager.obj
c:\users\성일\documents\visual studio 2013\projects\소녀의 공상정원\소녀의 공상정원\debug\enemy.obj
c:\users\성일\documents\visual studio 2013\projects\소녀의 공상정원\소녀의 공상정원\debug\entity.obj
c:\users\성일\documents\visual studio 2013\projects\소녀의 공상정원\소녀의 공상정원\debug\extraspell.obj
c:\users\성일\documents\visual studio 2013\projects\소녀의 공상정원\소녀의 공상정원\debug\무너지는세계.sbr
c:\users\성일\documents\visual studio 2013\projects\소녀의 공상정원\소녀의 공상정원\debug\무너지는세계.obj
c:\users\성일\documents\visual studio 2013\projects\소녀의 공상정원\소녀의 공상정원\debug\잔몹1.sbr
c:\users\성일\documents\visual studio 2013\projects\소녀의 공상정원\소녀의 공상정원\debug\잔몹1.obj
d:\projects\c++\소녀의 공상정원\debug\vc120.pdb
d:\projects\c++\소녀의 공상정원\debug\vc120.idb
c:\users\성일\documents\visual studio 2013\projects\소녀의 공상정원\debug\소녀의 공상정원.ilk
c:\users\성일\documents\visual studio 2013\projects\소녀의 공상정원\debug\소녀의 공상정원.exe
c:\users\성일\documents\visual studio 2013\projects\소녀의 공상정원\debug\소녀의 공상정원.pdb
c:\users\성일\documents\visual studio 2013\projects\소녀의 공상정원\소녀의 공상정원\debug\win32project1.res
d:\projects\c++\소녀의 공상정원\debug\album.obj
d:\projects\c++\소녀의 공상정원\debug\background.obj
d:\projects\c++\소녀의 공상정원\debug\blt_lookplayer.obj
d:\projects\c++\소녀의 공상정원\debug\blt_normal.obj
d:\projects\c++\소녀의 공상정원\debug\boss.obj
d:\projects\c++\소녀의 공상정원\debug\bullet.obj
d:\projects\c++\소녀의 공상정원\debug\bulletpattern.obj
d:\projects\c++\소녀의 공상정원\debug\button.obj
d:\projects\c++\소녀의 공상정원\debug\chirno.obj
d:\projects\c++\소녀의 공상정원\debug\chirno_perfectfreeze.obj
d:\projects\c++\소녀의 공상정원\debug\circle.obj
d:\projects\c++\소녀의 공상정원\debug\d3dmanager.obj
d:\projects\c++\소녀의 공상정원\debug\enemy.obj
d:\projects\c++\소녀의 공상정원\debug\entity.obj
d:\projects\c++\소녀의 공상정원\debug\extraspell.obj
d:\projects\c++\소녀의 공상정원\debug\flower.obj
d:\projects\c++\소녀의 공상정원\debug\gameover.obj
d:\projects\c++\소녀의 공상정원\debug\horming.obj
d:\projects\c++\소녀의 공상정원\debug\image.obj
d:\projects\c++\소녀의 공상정원\debug\imagemanager.obj
d:\projects\c++\소녀의 공상정원\debug\ingame.obj
d:\projects\c++\소녀의 공상정원\debug\inputmanager.obj
d:\projects\c++\소녀의 공상정원\debug\intro.obj
d:\projects\c++\소녀의 공상정원\debug\main.obj
d:\projects\c++\소녀의 공상정원\debug\mainmenu.obj
d:\projects\c++\소녀의 공상정원\debug\movepattern.obj
d:\projects\c++\소녀의 공상정원\debug\move_0.obj
d:\projects\c++\소녀의 공상정원\debug\move_1.obj
d:\projects\c++\소녀의 공상정원\debug\move_3.obj
d:\projects\c++\소녀의 공상정원\debug\player.obj
d:\projects\c++\소녀의 공상정원\debug\player_blt_1.obj
d:\projects\c++\소녀의 공상정원\debug\player_blt_lookenemy.obj
d:\projects\c++\소녀의 공상정원\debug\seeplayerrandom.obj
d:\projects\c++\소녀의 공상정원\debug\sence.obj
d:\projects\c++\소녀의 공상정원\debug\sencemanager.obj
d:\projects\c++\소녀의 공상정원\debug\setup.obj
d:\projects\c++\소녀의 공상정원\debug\singleton.obj
d:\projects\c++\소녀의 공상정원\debug\soundmanager.obj
d:\projects\c++\소녀의 공상정원\debug\spellcard.obj
d:\projects\c++\소녀의 공상정원\debug\spiral.obj
d:\projects\c++\소녀의 공상정원\debug\stage.obj
d:\projects\c++\소녀의 공상정원\debug\stage1.obj
d:\projects\c++\소녀의 공상정원\debug\stage2.obj
d:\projects\c++\소녀의 공상정원\debug\stage3.obj
d:\projects\c++\소녀의 공상정원\debug\stage4.obj
d:\projects\c++\소녀의 공상정원\debug\stage5.obj
d:\projects\c++\소녀의 공상정원\debug\text.obj
d:\projects\c++\소녀의 공상정원\debug\timecounter.obj
d:\projects\c++\소녀의 공상정원\debug\timemanager.obj
d:\projects\c++\소녀의 공상정원\debug\titlescreen.obj
d:\projects\c++\소녀의 공상정원\debug\unit.obj
d:\projects\c++\소녀의 공상정원\debug\utill.obj
d:\projects\c++\소녀의 공상정원\debug\무너지는세계.obj
d:\projects\c++\소녀의 공상정원\debug\송세진.obj
d:\projects\c++\소녀의 공상정원\debug\자아붕괴.obj
d:\projects\c++\소녀의 공상정원\debug\잔몹1.obj
d:\projects\c++\소녀의 공상정원\debug\핫바뿌리기.obj
d:\projects\c++\소녀의 공상정원\debug\win32project1.res
d:\projects\c++\소녀의 공상정원\debug\shoot.pch
d:\projects\c++\소녀의 공상정원\debug\album.sbr
d:\projects\c++\소녀의 공상정원\debug\background.sbr
d:\projects\c++\소녀의 공상정원\debug\blt_lookplayer.sbr
d:\projects\c++\소녀의 공상정원\debug\blt_normal.sbr
d:\projects\c++\소녀의 공상정원\debug\boss.sbr
d:\projects\c++\소녀의 공상정원\debug\bullet.sbr
d:\projects\c++\소녀의 공상정원\debug\bulletpattern.sbr
d:\projects\c++\소녀의 공상정원\debug\button.sbr
d:\projects\c++\소녀의 공상정원\debug\chirno.sbr
d:\projects\c++\소녀의 공상정원\debug\chirno_perfectfreeze.sbr
d:\projects\c++\소녀의 공상정원\debug\circle.sbr
d:\projects\c++\소녀의 공상정원\debug\d3dmanager.sbr
d:\projects\c++\소녀의 공상정원\debug\enemy.sbr
d:\projects\c++\소녀의 공상정원\debug\entity.sbr
d:\projects\c++\소녀의 공상정원\debug\extraspell.sbr
d:\projects\c++\소녀의 공상정원\debug\flower.sbr
d:\projects\c++\소녀의 공상정원\debug\gameover.sbr
d:\projects\c++\소녀의 공상정원\debug\horming.sbr
d:\projects\c++\소녀의 공상정원\debug\image.sbr
d:\projects\c++\소녀의 공상정원\debug\imagemanager.sbr
d:\projects\c++\소녀의 공상정원\debug\ingame.sbr
d:\projects\c++\소녀의 공상정원\debug\inputmanager.sbr
d:\projects\c++\소녀의 공상정원\debug\intro.sbr
d:\projects\c++\소녀의 공상정원\debug\main.sbr
d:\projects\c++\소녀의 공상정원\debug\mainmenu.sbr
d:\projects\c++\소녀의 공상정원\debug\movepattern.sbr
d:\projects\c++\소녀의 공상정원\debug\move_0.sbr
d:\projects\c++\소녀의 공상정원\debug\move_1.sbr
d:\projects\c++\소녀의 공상정원\debug\move_3.sbr
d:\projects\c++\소녀의 공상정원\debug\player.sbr
d:\projects\c++\소녀의 공상정원\debug\player_blt_1.sbr
d:\projects\c++\소녀의 공상정원\debug\player_blt_lookenemy.sbr
d:\projects\c++\소녀의 공상정원\debug\seeplayerrandom.sbr
d:\projects\c++\소녀의 공상정원\debug\sence.sbr
d:\projects\c++\소녀의 공상정원\debug\sencemanager.sbr
d:\projects\c++\소녀의 공상정원\debug\setup.sbr
d:\projects\c++\소녀의 공상정원\debug\singleton.sbr
d:\projects\c++\소녀의 공상정원\debug\soundmanager.sbr
d:\projects\c++\소녀의 공상정원\debug\spellcard.sbr
d:\projects\c++\소녀의 공상정원\debug\spiral.sbr
d:\projects\c++\소녀의 공상정원\debug\stage.sbr
d:\projects\c++\소녀의 공상정원\debug\stage1.sbr
d:\projects\c++\소녀의 공상정원\debug\stage2.sbr
d:\projects\c++\소녀의 공상정원\debug\stage3.sbr
d:\projects\c++\소녀의 공상정원\debug\stage4.sbr
d:\projects\c++\소녀의 공상정원\debug\stage5.sbr
d:\projects\c++\소녀의 공상정원\debug\text.sbr
d:\projects\c++\소녀의 공상정원\debug\timecounter.sbr
d:\projects\c++\소녀의 공상정원\debug\timemanager.sbr
d:\projects\c++\소녀의 공상정원\debug\titlescreen.sbr
d:\projects\c++\소녀의 공상정원\debug\unit.sbr
d:\projects\c++\소녀의 공상정원\debug\utill.sbr
d:\projects\c++\소녀의 공상정원\debug\무너지는세계.sbr
d:\projects\c++\소녀의 공상정원\debug\송세진.sbr
d:\projects\c++\소녀의 공상정원\debug\자아붕괴.sbr
d:\projects\c++\소녀의 공상정원\debug\잔몹1.sbr
d:\projects\c++\소녀의 공상정원\debug\핫바뿌리기.sbr
d:\projects\c++\소녀의 공상정원\debug\소녀의 공상정원.tlog\bscmake.command.1.tlog
d:\projects\c++\소녀의 공상정원\debug\소녀의 공상정원.tlog\bscmake.read.1.tlog
d:\projects\c++\소녀의 공상정원\debug\소녀의 공상정원.tlog\bscmake.write.1.tlog
d:\projects\c++\소녀의 공상정원\debug\소녀의 공상정원.tlog\cl.command.1.tlog
d:\projects\c++\소녀의 공상정원\debug\소녀의 공상정원.tlog\cl.read.1.tlog
d:\projects\c++\소녀의 공상정원\debug\소녀의 공상정원.tlog\cl.write.1.tlog
d:\projects\c++\소녀의 공상정원\debug\소녀의 공상정원.tlog\link.command.1.tlog
d:\projects\c++\소녀의 공상정원\debug\소녀의 공상정원.tlog\link.read.1.tlog
d:\projects\c++\소녀의 공상정원\debug\소녀의 공상정원.tlog\link.write.1.tlog
d:\projects\c++\소녀의 공상정원\debug\소녀의 공상정원.tlog\rc.command.1.tlog
d:\projects\c++\소녀의 공상정원\debug\소녀의 공상정원.tlog\rc.read.1.tlog
d:\projects\c++\소녀의 공상정원\debug\소녀의 공상정원.tlog\rc.write.1.tlog
